0 info it worked if it ends with ok
1 verbose cli [ '/Users/katiasmet/.nvm/versions/node/v6.7.0/bin/node',
1 verbose cli   '/Users/katiasmet/.nvm/versions/node/v6.7.0/bin/npm',
1 verbose cli   'bugs',
1 verbose cli   'tales-at-home' ]
2 info using npm@4.1.2
3 info using node@v6.7.0
4 silly fetchPackageMetaData tales-at-home
5 silly fetchNamedPackageData tales-at-home
6 silly mapToRegistry name tales-at-home
7 silly mapToRegistry using default registry
8 silly mapToRegistry registry https://registry.npmjs.org/
9 silly mapToRegistry data Result {
9 silly mapToRegistry   raw: 'tales-at-home',
9 silly mapToRegistry   scope: null,
9 silly mapToRegistry   escapedName: 'tales-at-home',
9 silly mapToRegistry   name: 'tales-at-home',
9 silly mapToRegistry   rawSpec: '',
9 silly mapToRegistry   spec: 'latest',
9 silly mapToRegistry   type: 'tag' }
10 silly mapToRegistry uri https://registry.npmjs.org/tales-at-home
11 verbose request uri https://registry.npmjs.org/tales-at-home
12 verbose request no auth needed
13 info attempt registry request try #1 at 18:22:42
14 verbose request id 2c0b5fa6358c4841
15 http request GET https://registry.npmjs.org/tales-at-home
16 http 404 https://registry.npmjs.org/tales-at-home
17 verbose headers { 'content-type': 'application/json',
17 verbose headers   'cache-control': 'max-age=0',
17 verbose headers   'content-length': '2',
17 verbose headers   'accept-ranges': 'bytes',
17 verbose headers   date: 'Mon, 30 Jan 2017 17:22:42 GMT',
17 verbose headers   via: '1.1 varnish',
17 verbose headers   age: '0',
17 verbose headers   connection: 'keep-alive',
17 verbose headers   'x-served-by': 'cache-ams4137-AMS',
17 verbose headers   'x-cache': 'MISS',
17 verbose headers   'x-cache-hits': '0',
17 verbose headers   'x-timer': 'S1485796962.182708,VS0,VE693',
17 verbose headers   vary: 'Accept-Encoding' }
18 silly get cb [ 404,
18 silly get   { 'content-type': 'application/json',
18 silly get     'cache-control': 'max-age=0',
18 silly get     'content-length': '2',
18 silly get     'accept-ranges': 'bytes',
18 silly get     date: 'Mon, 30 Jan 2017 17:22:42 GMT',
18 silly get     via: '1.1 varnish',
18 silly get     age: '0',
18 silly get     connection: 'keep-alive',
18 silly get     'x-served-by': 'cache-ams4137-AMS',
18 silly get     'x-cache': 'MISS',
18 silly get     'x-cache-hits': '0',
18 silly get     'x-timer': 'S1485796962.182708,VS0,VE693',
18 silly get     vary: 'Accept-Encoding' } ]
19 silly fetchPackageMetaData Error: Registry returned 404 for GET on https://registry.npmjs.org/tales-at-home
19 silly fetchPackageMetaData     at makeError (/Users/katiasmet/.nvm/versions/node/v6.7.0/lib/node_modules/npm/node_modules/npm-registry-client/lib/request.js:304:12)
19 silly fetchPackageMetaData     at CachingRegistryClient.<anonymous> (/Users/katiasmet/.nvm/versions/node/v6.7.0/lib/node_modules/npm/node_modules/npm-registry-client/lib/request.js:282:14)
19 silly fetchPackageMetaData     at Request._callback (/Users/katiasmet/.nvm/versions/node/v6.7.0/lib/node_modules/npm/node_modules/npm-registry-client/lib/request.js:212:14)
19 silly fetchPackageMetaData     at Request.self.callback (/Users/katiasmet/.nvm/versions/node/v6.7.0/lib/node_modules/npm/node_modules/request/request.js:186:22)
19 silly fetchPackageMetaData     at emitTwo (events.js:106:13)
19 silly fetchPackageMetaData     at Request.emit (events.js:191:7)
19 silly fetchPackageMetaData     at Request.<anonymous> (/Users/katiasmet/.nvm/versions/node/v6.7.0/lib/node_modules/npm/node_modules/request/request.js:1081:10)
19 silly fetchPackageMetaData     at emitOne (events.js:96:13)
19 silly fetchPackageMetaData     at Request.emit (events.js:188:7)
19 silly fetchPackageMetaData     at IncomingMessage.<anonymous> (/Users/katiasmet/.nvm/versions/node/v6.7.0/lib/node_modules/npm/node_modules/request/request.js:1001:12)
19 silly fetchPackageMetaData  error for tales-at-home { Error: Registry returned 404 for GET on https://registry.npmjs.org/tales-at-home
19 silly fetchPackageMetaData     at makeError (/Users/katiasmet/.nvm/versions/node/v6.7.0/lib/node_modules/npm/node_modules/npm-registry-client/lib/request.js:304:12)
19 silly fetchPackageMetaData     at CachingRegistryClient.<anonymous> (/Users/katiasmet/.nvm/versions/node/v6.7.0/lib/node_modules/npm/node_modules/npm-registry-client/lib/request.js:282:14)
19 silly fetchPackageMetaData     at Request._callback (/Users/katiasmet/.nvm/versions/node/v6.7.0/lib/node_modules/npm/node_modules/npm-registry-client/lib/request.js:212:14)
19 silly fetchPackageMetaData     at Request.self.callback (/Users/katiasmet/.nvm/versions/node/v6.7.0/lib/node_modules/npm/node_modules/request/request.js:186:22)
19 silly fetchPackageMetaData     at emitTwo (events.js:106:13)
19 silly fetchPackageMetaData     at Request.emit (events.js:191:7)
19 silly fetchPackageMetaData     at Request.<anonymous> (/Users/katiasmet/.nvm/versions/node/v6.7.0/lib/node_modules/npm/node_modules/request/request.js:1081:10)
19 silly fetchPackageMetaData     at emitOne (events.js:96:13)
19 silly fetchPackageMetaData     at Request.emit (events.js:188:7)
19 silly fetchPackageMetaData     at IncomingMessage.<anonymous> (/Users/katiasmet/.nvm/versions/node/v6.7.0/lib/node_modules/npm/node_modules/request/request.js:1001:12) pkgid: 'tales-at-home', statusCode: 404, code: 'E404' }
20 verbose stack Error: Registry returned 404 for GET on https://registry.npmjs.org/tales-at-home
20 verbose stack     at makeError (/Users/katiasmet/.nvm/versions/node/v6.7.0/lib/node_modules/npm/node_modules/npm-registry-client/lib/request.js:304:12)
20 verbose stack     at CachingRegistryClient.<anonymous> (/Users/katiasmet/.nvm/versions/node/v6.7.0/lib/node_modules/npm/node_modules/npm-registry-client/lib/request.js:282:14)
20 verbose stack     at Request._callback (/Users/katiasmet/.nvm/versions/node/v6.7.0/lib/node_modules/npm/node_modules/npm-registry-client/lib/request.js:212:14)
20 verbose stack     at Request.self.callback (/Users/katiasmet/.nvm/versions/node/v6.7.0/lib/node_modules/npm/node_modules/request/request.js:186:22)
20 verbose stack     at emitTwo (events.js:106:13)
20 verbose stack     at Request.emit (events.js:191:7)
20 verbose stack     at Request.<anonymous> (/Users/katiasmet/.nvm/versions/node/v6.7.0/lib/node_modules/npm/node_modules/request/request.js:1081:10)
20 verbose stack     at emitOne (events.js:96:13)
20 verbose stack     at Request.emit (events.js:188:7)
20 verbose stack     at IncomingMessage.<anonymous> (/Users/katiasmet/.nvm/versions/node/v6.7.0/lib/node_modules/npm/node_modules/request/request.js:1001:12)
21 verbose statusCode 404
22 verbose pkgid tales-at-home
23 verbose cwd /Applications/MAMP/htdocs/tales-home-dev
24 error Darwin 16.4.0
25 error argv "/Users/katiasmet/.nvm/versions/node/v6.7.0/bin/node" "/Users/katiasmet/.nvm/versions/node/v6.7.0/bin/npm" "bugs" "tales-at-home"
26 error node v6.7.0
27 error npm  v4.1.2
28 error code E404
29 error 404 Registry returned 404 for GET on https://registry.npmjs.org/tales-at-home
30 error 404
31 error 404 'tales-at-home' is not in the npm registry.
32 error 404 You should bug the author to publish it (or use the name yourself!)
33 error 404 Note that you can also install from a
34 error 404 tarball, folder, http url, or git url.
35 verbose exit [ 1, true ]
